2021-05-30 19:01:36.613  INFO 26354 --- [restartedMain] org.springframework.boot.devtools.env.DevToolsPropertyDefaultsPostProcessor : Devtools property defaults active! Set 'spring.devtools.add-properties' to 'false' to disable
2021-05-30 19:01:36.615  INFO 26354 --- [restartedMain] org.springframework.boot.devtools.env.DevToolsPropertyDefaultsPostProcessor : For additional web related logging consider setting the 'logging.level.web' property to 'DEBUG'
2021-05-30 19:01:37.628  INFO 26354 --- [restartedMain] org.springframework.boot.web.embedded.tomcat.TomcatWebServer : Tomcat initialized with port(s): 8082 (http)
2021-05-30 19:01:37.637  INFO 26354 --- [restartedMain] org.apache.catalina.core.StandardService : Starting service [Tomcat]
2021-05-30 19:01:37.637  INFO 26354 --- [restartedMain] org.apache.catalina.core.StandardEngine : Starting Servlet engine: [Apache Tomcat/9.0.46]
2021-05-30 19:01:37.681  INFO 26354 --- [restartedMain] org.apache.catalina.core.ContainerBase.[Tomcat].[localhost].[/ng-api] : Initializing Spring embedded WebApplicationContext
2021-05-30 19:01:37.682  INFO 26354 --- [restartedMain] org.springframework.boot.web.servlet.context.ServletWebServerApplicationContext : Root WebApplicationContext: initialization completed in 1066 ms
2021-05-30 19:01:38.273  INFO 26354 --- [restartedMain] org.springframework.boot.devtools.autoconfigure.OptionalLiveReloadServer : LiveReload server is running on port 35729
2021-05-30 19:01:38.293  INFO 26354 --- [restartedMain] org.springframework.boot.web.embedded.tomcat.TomcatWebServer : Tomcat started on port(s): 8082 (http) with context path '/ng-api'
2021-05-30 19:02:20.048  INFO 26455 --- [restartedMain] org.springframework.boot.devtools.env.DevToolsPropertyDefaultsPostProcessor : Devtools property defaults active! Set 'spring.devtools.add-properties' to 'false' to disable
2021-05-30 19:02:20.050  INFO 26455 --- [restartedMain] org.springframework.boot.devtools.env.DevToolsPropertyDefaultsPostProcessor : For additional web related logging consider setting the 'logging.level.web' property to 'DEBUG'
2021-05-30 19:02:21.023  INFO 26455 --- [restartedMain] org.springframework.boot.web.embedded.tomcat.TomcatWebServer : Tomcat initialized with port(s): 8082 (http)
2021-05-30 19:02:21.032  INFO 26455 --- [restartedMain] org.apache.catalina.core.StandardService : Starting service [Tomcat]
2021-05-30 19:02:21.032  INFO 26455 --- [restartedMain] org.apache.catalina.core.StandardEngine : Starting Servlet engine: [Apache Tomcat/9.0.46]
2021-05-30 19:02:21.079  INFO 26455 --- [restartedMain] org.apache.catalina.core.ContainerBase.[Tomcat].[localhost].[/ng-api] : Initializing Spring embedded WebApplicationContext
2021-05-30 19:02:21.080  INFO 26455 --- [restartedMain] org.springframework.boot.web.servlet.context.ServletWebServerApplicationContext : Root WebApplicationContext: initialization completed in 1029 ms
2021-05-30 19:02:21.765  INFO 26455 --- [restartedMain] org.springframework.boot.devtools.autoconfigure.OptionalLiveReloadServer : LiveReload server is running on port 35729
2021-05-30 19:02:21.793  INFO 26455 --- [restartedMain] org.springframework.boot.web.embedded.tomcat.TomcatWebServer : Tomcat started on port(s): 8082 (http) with context path '/ng-api'
2021-05-30 19:05:01.098  INFO 26711 --- [restartedMain] org.springframework.boot.devtools.env.DevToolsPropertyDefaultsPostProcessor : Devtools property defaults active! Set 'spring.devtools.add-properties' to 'false' to disable
2021-05-30 19:05:01.101  INFO 26711 --- [restartedMain] org.springframework.boot.devtools.env.DevToolsPropertyDefaultsPostProcessor : For additional web related logging consider setting the 'logging.level.web' property to 'DEBUG'
2021-05-30 19:05:02.165  INFO 26711 --- [restartedMain] org.springframework.boot.web.embedded.tomcat.TomcatWebServer : Tomcat initialized with port(s): 8082 (http)
2021-05-30 19:05:02.173  INFO 26711 --- [restartedMain] org.apache.catalina.core.StandardService : Starting service [Tomcat]
2021-05-30 19:05:02.173  INFO 26711 --- [restartedMain] org.apache.catalina.core.StandardEngine : Starting Servlet engine: [Apache Tomcat/9.0.46]
2021-05-30 19:05:02.221  INFO 26711 --- [restartedMain] org.apache.catalina.core.ContainerBase.[Tomcat].[localhost].[/ng-api] : Initializing Spring embedded WebApplicationContext
2021-05-30 19:05:02.221  INFO 26711 --- [restartedMain] org.springframework.boot.web.servlet.context.ServletWebServerApplicationContext : Root WebApplicationContext: initialization completed in 1120 ms
2021-05-30 19:05:02.786  INFO 26711 --- [restartedMain] org.springframework.boot.devtools.autoconfigure.OptionalLiveReloadServer : LiveReload server is running on port 35729
2021-05-30 19:05:02.806  INFO 26711 --- [restartedMain] org.springframework.boot.web.embedded.tomcat.TomcatWebServer : Tomcat started on port(s): 8082 (http) with context path '/ng-api'
2021-05-30 19:05:37.724  INFO 26830 --- [restartedMain] com.github.hmld.Next_G_Application : Starting Next_G_Application using Java 11.0.2 on pop-os with PID 26830 (/home/hmld/eclipse-workspace/NextG/bin/main started by hmld in /home/hmld/eclipse-workspace/NextG)
2021-05-30 19:05:37.727  INFO 26830 --- [restartedMain] com.github.hmld.Next_G_Application : The following profiles are active: system,nextg,data
2021-05-30 19:05:37.779  INFO 26830 --- [restartedMain] org.springframework.boot.devtools.env.DevToolsPropertyDefaultsPostProcessor : Devtools property defaults active! Set 'spring.devtools.add-properties' to 'false' to disable
2021-05-30 19:05:37.780  INFO 26830 --- [restartedMain] org.springframework.boot.devtools.env.DevToolsPropertyDefaultsPostProcessor : For additional web related logging consider setting the 'logging.level.web' property to 'DEBUG'
2021-05-30 19:05:38.767  INFO 26830 --- [restartedMain] org.springframework.boot.web.embedded.tomcat.TomcatWebServer : Tomcat initialized with port(s): 8082 (http)
2021-05-30 19:05:38.775  INFO 26830 --- [restartedMain] org.apache.catalina.core.StandardService : Starting service [Tomcat]
2021-05-30 19:05:38.775  INFO 26830 --- [restartedMain] org.apache.catalina.core.StandardEngine : Starting Servlet engine: [Apache Tomcat/9.0.46]
2021-05-30 19:05:38.820  INFO 26830 --- [restartedMain] org.apache.catalina.core.ContainerBase.[Tomcat].[localhost].[/ng-api] : Initializing Spring embedded WebApplicationContext
2021-05-30 19:05:38.821  INFO 26830 --- [restartedMain] org.springframework.boot.web.servlet.context.ServletWebServerApplicationContext : Root WebApplicationContext: initialization completed in 1041 ms
2021-05-30 19:05:39.458  INFO 26830 --- [restartedMain] org.springframework.boot.devtools.autoconfigure.OptionalLiveReloadServer : LiveReload server is running on port 35729
2021-05-30 19:05:39.478  INFO 26830 --- [restartedMain] org.springframework.boot.web.embedded.tomcat.TomcatWebServer : Tomcat started on port(s): 8082 (http) with context path '/ng-api'
2021-05-30 19:05:39.488  INFO 26830 --- [restartedMain] com.github.hmld.Next_G_Application : Started Next_G_Application in 2.258 seconds (JVM running for 2.57)
2021-05-30 19:05:39.491  INFO 26830 --- [restartedMain] com.github.hmld.Next_G_Application : 
====================================================================
项目启动成功
总耗时：2269 ms
====================================================================

2021-05-30 19:15:29.312  INFO 27463 --- [restartedMain] com.github.hmld.Next_G_Application : Starting Next_G_Application using Java 11.0.2 on pop-os with PID 27463 (/home/hmld/eclipse-workspace/NextG/bin/main started by hmld in /home/hmld/eclipse-workspace/NextG)
2021-05-30 19:15:29.316  INFO 27463 --- [restartedMain] com.github.hmld.Next_G_Application : The following profiles are active: system,nextg,data
2021-05-30 19:15:29.365  INFO 27463 --- [restartedMain] org.springframework.boot.devtools.env.DevToolsPropertyDefaultsPostProcessor : Devtools property defaults active! Set 'spring.devtools.add-properties' to 'false' to disable
2021-05-30 19:15:29.366  INFO 27463 --- [restartedMain] org.springframework.boot.devtools.env.DevToolsPropertyDefaultsPostProcessor : For additional web related logging consider setting the 'logging.level.web' property to 'DEBUG'
2021-05-30 19:15:30.428  INFO 27463 --- [restartedMain] org.springframework.boot.web.embedded.tomcat.TomcatWebServer : Tomcat initialized with port(s): 8082 (http)
2021-05-30 19:15:30.439  INFO 27463 --- [restartedMain] org.apache.catalina.core.StandardService : Starting service [Tomcat]
2021-05-30 19:15:30.439  INFO 27463 --- [restartedMain] org.apache.catalina.core.StandardEngine : Starting Servlet engine: [Apache Tomcat/9.0.46]
2021-05-30 19:15:30.494  INFO 27463 --- [restartedMain] org.apache.catalina.core.ContainerBase.[Tomcat].[localhost].[/ng-api] : Initializing Spring embedded WebApplicationContext
2021-05-30 19:15:30.495  INFO 27463 --- [restartedMain] org.springframework.boot.web.servlet.context.ServletWebServerApplicationContext : Root WebApplicationContext: initialization completed in 1129 ms
2021-05-30 19:15:31.124  INFO 27463 --- [restartedMain] org.springframework.boot.devtools.autoconfigure.OptionalLiveReloadServer : LiveReload server is running on port 35729
2021-05-30 19:15:31.146  INFO 27463 --- [restartedMain] org.springframework.boot.web.embedded.tomcat.TomcatWebServer : Tomcat started on port(s): 8082 (http) with context path '/ng-api'
2021-05-30 19:15:31.155  INFO 27463 --- [restartedMain] com.github.hmld.Next_G_Application : Started Next_G_Application in 2.309 seconds (JVM running for 2.647)
2021-05-30 19:15:31.159  INFO 27463 --- [restartedMain] com.github.hmld.Next_G_Application : 
====================================================================
项目启动成功
总耗时：2319 ms
====================================================================

2021-05-30 19:46:16.974  INFO 30556 --- [restartedMain] com.github.hmld.Next_G_Application : Starting Next_G_Application using Java 11.0.2 on pop-os with PID 30556 (/home/hmld/eclipse-workspace/NextG/bin/main started by hmld in /home/hmld/eclipse-workspace/NextG)
2021-05-30 19:46:16.980  INFO 30556 --- [restartedMain] com.github.hmld.Next_G_Application : The following profiles are active: system,nextg,data
2021-05-30 19:46:17.035  INFO 30556 --- [restartedMain] org.springframework.boot.devtools.env.DevToolsPropertyDefaultsPostProcessor : Devtools property defaults active! Set 'spring.devtools.add-properties' to 'false' to disable
2021-05-30 19:46:17.035  INFO 30556 --- [restartedMain] org.springframework.boot.devtools.env.DevToolsPropertyDefaultsPostProcessor : For additional web related logging consider setting the 'logging.level.web' property to 'DEBUG'
2021-05-30 19:46:18.399  INFO 30556 --- [restartedMain] org.springframework.boot.web.embedded.tomcat.TomcatWebServer : Tomcat initialized with port(s): 8082 (http)
2021-05-30 19:46:18.412  INFO 30556 --- [restartedMain] org.apache.catalina.core.StandardService : Starting service [Tomcat]
2021-05-30 19:46:18.412  INFO 30556 --- [restartedMain] org.apache.catalina.core.StandardEngine : Starting Servlet engine: [Apache Tomcat/9.0.46]
2021-05-30 19:46:18.468  INFO 30556 --- [restartedMain] org.apache.catalina.core.ContainerBase.[Tomcat].[localhost].[/ng-api] : Initializing Spring embedded WebApplicationContext
2021-05-30 19:46:18.468  INFO 30556 --- [restartedMain] org.springframework.boot.web.servlet.context.ServletWebServerApplicationContext : Root WebApplicationContext: initialization completed in 1432 ms
2021-05-30 19:46:19.258  INFO 30556 --- [restartedMain] org.springframework.boot.devtools.autoconfigure.OptionalLiveReloadServer : LiveReload server is running on port 35729
2021-05-30 19:46:19.290  INFO 30556 --- [restartedMain] org.springframework.boot.web.embedded.tomcat.TomcatWebServer : Tomcat started on port(s): 8082 (http) with context path '/ng-api'
2021-05-30 19:46:19.303  INFO 30556 --- [restartedMain] com.github.hmld.Next_G_Application : Started Next_G_Application in 3.067 seconds (JVM running for 3.628)
2021-05-30 19:46:19.307  INFO 30556 --- [restartedMain] com.github.hmld.Next_G_Application : 
====================================================================
项目启动成功
总耗时：3095 ms
====================================================================

2021-05-30 19:47:34.862  INFO 30873 --- [restartedMain] com.github.hmld.Next_G_Application : Starting Next_G_Application using Java 11.0.2 on pop-os with PID 30873 (/home/hmld/eclipse-workspace/NextG/bin/main started by hmld in /home/hmld/eclipse-workspace/NextG)
2021-05-30 19:47:34.865  INFO 30873 --- [restartedMain] com.github.hmld.Next_G_Application : The following profiles are active: system,nextg,data
2021-05-30 19:47:34.917  INFO 30873 --- [restartedMain] org.springframework.boot.devtools.env.DevToolsPropertyDefaultsPostProcessor : Devtools property defaults active! Set 'spring.devtools.add-properties' to 'false' to disable
2021-05-30 19:47:34.917  INFO 30873 --- [restartedMain] org.springframework.boot.devtools.env.DevToolsPropertyDefaultsPostProcessor : For additional web related logging consider setting the 'logging.level.web' property to 'DEBUG'
2021-05-30 19:47:36.090  INFO 30873 --- [restartedMain] org.springframework.boot.web.embedded.tomcat.TomcatWebServer : Tomcat initialized with port(s): 8082 (http)
2021-05-30 19:47:36.099  INFO 30873 --- [restartedMain] org.apache.catalina.core.StandardService : Starting service [Tomcat]
2021-05-30 19:47:36.100  INFO 30873 --- [restartedMain] org.apache.catalina.core.StandardEngine : Starting Servlet engine: [Apache Tomcat/9.0.46]
2021-05-30 19:47:36.154  INFO 30873 --- [restartedMain] org.apache.catalina.core.ContainerBase.[Tomcat].[localhost].[/ng-api] : Initializing Spring embedded WebApplicationContext
2021-05-30 19:47:36.154  INFO 30873 --- [restartedMain] org.springframework.boot.web.servlet.context.ServletWebServerApplicationContext : Root WebApplicationContext: initialization completed in 1236 ms
2021-05-30 19:47:36.955  INFO 30873 --- [restartedMain] org.springframework.boot.devtools.autoconfigure.OptionalLiveReloadServer : LiveReload server is running on port 35729
2021-05-30 19:47:36.992  INFO 30873 --- [restartedMain] org.springframework.boot.web.embedded.tomcat.TomcatWebServer : Tomcat started on port(s): 8082 (http) with context path '/ng-api'
2021-05-30 19:47:37.005  INFO 30873 --- [restartedMain] com.github.hmld.Next_G_Application : Started Next_G_Application in 2.649 seconds (JVM running for 3.029)
2021-05-30 19:47:37.009  INFO 30873 --- [restartedMain] com.github.hmld.Next_G_Application : 
====================================================================
项目启动成功
总耗时：2662 ms
====================================================================

2021-05-30 19:48:15.483  INFO 30873 --- [http-nio-8082-exec-2] org.apache.catalina.core.ContainerBase.[Tomcat].[localhost].[/ng-api] : Initializing Spring DispatcherServlet 'dispatcherServlet'
2021-05-30 19:48:15.484  INFO 30873 --- [http-nio-8082-exec-2] org.springframework.web.servlet.DispatcherServlet : Initializing Servlet 'dispatcherServlet'
2021-05-30 19:48:15.485  INFO 30873 --- [http-nio-8082-exec-2] org.springframework.web.servlet.DispatcherServlet : Completed initialization in 1 ms
2021-05-30 19:48:15.511  INFO 30873 --- [http-nio-8082-exec-2] com.github.hmld.common.logger.LogAspect : 方法开始执行时间：1622375295511
2021-05-30 19:48:15.535  INFO 30873 --- [http-nio-8082-exec-2] com.github.hmld.common.logger.LogAspect : 方法的返回值 : null
2021-05-30 19:48:15.536  INFO 30873 --- [http-nio-8082-exec-2] com.github.hmld.common.logger.LogAspect : 方法最后执行.....
2021-05-30 19:48:15.536  INFO 30873 --- [http-nio-8082-exec-2] com.github.hmld.common.logger.LogAspect : 方法开始结束时间：1622375295535
2021-05-30 19:48:15.536  INFO 30873 --- [http-nio-8082-exec-2] com.github.hmld.common.logger.LogAspect : 用时：24 ms
2021-05-30 19:48:15.549  INFO 30873 --- [http-nio-8082-exec-2] com.github.hmld.common.logger.LogAspect : SysOperationLog [id=b157abeb-c793-4f72-a6c2-487f62392390, createTime=Sun May 30 19:48:15 CST 2021, level=0, operationUnit=unknown, method=com.github.hmld.controller.TestController.execPython, args=[], userId=#{currentUserId}, userName=#{currentUserName}, operationType=unknown, runTime=26, returnValue=null, describestr='#{currentUserName}'=》execPython()]
2021-05-30 19:53:09.795  INFO 31447 --- [restartedMain] com.github.hmld.Next_G_Application : Starting Next_G_Application using Java 11.0.2 on pop-os with PID 31447 (/home/hmld/eclipse-workspace/NextG/bin/main started by hmld in /home/hmld/eclipse-workspace/NextG)
2021-05-30 19:53:09.797  INFO 31447 --- [restartedMain] com.github.hmld.Next_G_Application : The following profiles are active: system,nextg,data
2021-05-30 19:53:09.847  INFO 31447 --- [restartedMain] org.springframework.boot.devtools.env.DevToolsPropertyDefaultsPostProcessor : Devtools property defaults active! Set 'spring.devtools.add-properties' to 'false' to disable
2021-05-30 19:53:09.847  INFO 31447 --- [restartedMain] org.springframework.boot.devtools.env.DevToolsPropertyDefaultsPostProcessor : For additional web related logging consider setting the 'logging.level.web' property to 'DEBUG'
2021-05-30 19:53:10.880  INFO 31447 --- [restartedMain] org.springframework.boot.web.embedded.tomcat.TomcatWebServer : Tomcat initialized with port(s): 8082 (http)
2021-05-30 19:53:10.889  INFO 31447 --- [restartedMain] org.apache.catalina.core.StandardService : Starting service [Tomcat]
2021-05-30 19:53:10.889  INFO 31447 --- [restartedMain] org.apache.catalina.core.StandardEngine : Starting Servlet engine: [Apache Tomcat/9.0.46]
2021-05-30 19:53:10.938  INFO 31447 --- [restartedMain] org.apache.catalina.core.ContainerBase.[Tomcat].[localhost].[/ng-api] : Initializing Spring embedded WebApplicationContext
2021-05-30 19:53:10.938  INFO 31447 --- [restartedMain] org.springframework.boot.web.servlet.context.ServletWebServerApplicationContext : Root WebApplicationContext: initialization completed in 1090 ms
2021-05-30 19:53:11.607  INFO 31447 --- [restartedMain] org.springframework.boot.devtools.autoconfigure.OptionalLiveReloadServer : LiveReload server is running on port 35729
2021-05-30 19:53:11.631  INFO 31447 --- [restartedMain] org.springframework.boot.web.embedded.tomcat.TomcatWebServer : Tomcat started on port(s): 8082 (http) with context path '/ng-api'
2021-05-30 19:53:11.640  INFO 31447 --- [restartedMain] com.github.hmld.Next_G_Application : Started Next_G_Application in 2.347 seconds (JVM running for 2.757)
2021-05-30 19:53:11.643  INFO 31447 --- [restartedMain] com.github.hmld.Next_G_Application : 
====================================================================
项目启动成功
总耗时：2358 ms
====================================================================

2021-05-30 19:53:14.458  INFO 31447 --- [http-nio-8082-exec-1] org.apache.catalina.core.ContainerBase.[Tomcat].[localhost].[/ng-api] : Initializing Spring DispatcherServlet 'dispatcherServlet'
2021-05-30 19:53:14.459  INFO 31447 --- [http-nio-8082-exec-1] org.springframework.web.servlet.DispatcherServlet : Initializing Servlet 'dispatcherServlet'
2021-05-30 19:53:14.460  INFO 31447 --- [http-nio-8082-exec-1] org.springframework.web.servlet.DispatcherServlet : Completed initialization in 1 ms
2021-05-30 19:53:14.486  INFO 31447 --- [http-nio-8082-exec-1] com.github.hmld.common.logger.LogAspect : 方法开始执行时间：1622375594486
2021-05-30 19:53:14.502  INFO 31447 --- [http-nio-8082-exec-1] com.github.hmld.common.logger.LogAspect : 方法的返回值 : null
2021-05-30 19:53:14.502  INFO 31447 --- [http-nio-8082-exec-1] com.github.hmld.common.logger.LogAspect : 方法最后执行.....
2021-05-30 19:53:14.502  INFO 31447 --- [http-nio-8082-exec-1] com.github.hmld.common.logger.LogAspect : 方法开始结束时间：1622375594502
2021-05-30 19:53:14.502  INFO 31447 --- [http-nio-8082-exec-1] com.github.hmld.common.logger.LogAspect : 用时：16 ms
2021-05-30 19:53:14.513  INFO 31447 --- [http-nio-8082-exec-1] com.github.hmld.common.logger.LogAspect : SysOperationLog [id=f60740cd-94b0-4ee0-a9d5-50ebd389e017, createTime=Sun May 30 19:53:14 CST 2021, level=0, operationUnit=unknown, method=com.github.hmld.controller.TestController.execPython, args=[], userId=#{currentUserId}, userName=#{currentUserName}, operationType=unknown, runTime=17, returnValue=null, describestr='#{currentUserName}'=》execPython()]
2021-05-30 19:53:53.958  INFO 31566 --- [restartedMain] com.github.hmld.Next_G_Application : Starting Next_G_Application using Java 11.0.2 on pop-os with PID 31566 (/home/hmld/eclipse-workspace/NextG/bin/main started by hmld in /home/hmld/eclipse-workspace/NextG)
2021-05-30 19:53:53.962  INFO 31566 --- [restartedMain] com.github.hmld.Next_G_Application : The following profiles are active: system,nextg,data
2021-05-30 19:53:54.016  INFO 31566 --- [restartedMain] org.springframework.boot.devtools.env.DevToolsPropertyDefaultsPostProcessor : Devtools property defaults active! Set 'spring.devtools.add-properties' to 'false' to disable
2021-05-30 19:53:54.016  INFO 31566 --- [restartedMain] org.springframework.boot.devtools.env.DevToolsPropertyDefaultsPostProcessor : For additional web related logging consider setting the 'logging.level.web' property to 'DEBUG'
2021-05-30 19:53:55.114  INFO 31566 --- [restartedMain] org.springframework.boot.web.embedded.tomcat.TomcatWebServer : Tomcat initialized with port(s): 8082 (http)
2021-05-30 19:53:55.122  INFO 31566 --- [restartedMain] org.apache.catalina.core.StandardService : Starting service [Tomcat]
2021-05-30 19:53:55.123  INFO 31566 --- [restartedMain] org.apache.catalina.core.StandardEngine : Starting Servlet engine: [Apache Tomcat/9.0.46]
2021-05-30 19:53:55.167  INFO 31566 --- [restartedMain] org.apache.catalina.core.ContainerBase.[Tomcat].[localhost].[/ng-api] : Initializing Spring embedded WebApplicationContext
2021-05-30 19:53:55.168  INFO 31566 --- [restartedMain] org.springframework.boot.web.servlet.context.ServletWebServerApplicationContext : Root WebApplicationContext: initialization completed in 1151 ms
2021-05-30 19:53:55.864  INFO 31566 --- [restartedMain] org.springframework.boot.devtools.autoconfigure.OptionalLiveReloadServer : LiveReload server is running on port 35729
2021-05-30 19:53:55.887  INFO 31566 --- [restartedMain] org.springframework.boot.web.embedded.tomcat.TomcatWebServer : Tomcat started on port(s): 8082 (http) with context path '/ng-api'
2021-05-30 19:53:55.897  INFO 31566 --- [restartedMain] com.github.hmld.Next_G_Application : Started Next_G_Application in 2.47 seconds (JVM running for 2.897)
2021-05-30 19:53:55.900  INFO 31566 --- [restartedMain] com.github.hmld.Next_G_Application : 
====================================================================
项目启动成功
总耗时：2483 ms
====================================================================

2021-05-30 19:54:00.222  INFO 31566 --- [http-nio-8082-exec-1] org.apache.catalina.core.ContainerBase.[Tomcat].[localhost].[/ng-api] : Initializing Spring DispatcherServlet 'dispatcherServlet'
2021-05-30 19:54:00.223  INFO 31566 --- [http-nio-8082-exec-1] org.springframework.web.servlet.DispatcherServlet : Initializing Servlet 'dispatcherServlet'
2021-05-30 19:54:00.224  INFO 31566 --- [http-nio-8082-exec-1] org.springframework.web.servlet.DispatcherServlet : Completed initialization in 1 ms
2021-05-30 19:54:00.243  INFO 31566 --- [http-nio-8082-exec-1] com.github.hmld.common.logger.LogAspect : 方法开始执行时间：1622375640243
2021-05-30 19:54:00.264  INFO 31566 --- [http-nio-8082-exec-1] com.github.hmld.common.logger.LogAspect : 方法的返回值 : null
2021-05-30 19:54:00.264  INFO 31566 --- [http-nio-8082-exec-1] com.github.hmld.common.logger.LogAspect : 方法最后执行.....
2021-05-30 19:54:00.264  INFO 31566 --- [http-nio-8082-exec-1] com.github.hmld.common.logger.LogAspect : 方法开始结束时间：1622375640264
2021-05-30 19:54:00.264  INFO 31566 --- [http-nio-8082-exec-1] com.github.hmld.common.logger.LogAspect : 用时：21 ms
2021-05-30 19:54:00.276  INFO 31566 --- [http-nio-8082-exec-1] com.github.hmld.common.logger.LogAspect : SysOperationLog [id=c85f54a2-6a3c-4fb4-9ac8-4d6032d125cb, createTime=Sun May 30 19:54:00 CST 2021, level=0, operationUnit=unknown, method=com.github.hmld.controller.TestController.execPython, args=[], userId=#{currentUserId}, userName=#{currentUserName}, operationType=unknown, runTime=22, returnValue=null, describestr='#{currentUserName}'=》execPython()]
2021-05-30 19:58:31.610  INFO 31909 --- [restartedMain] com.github.hmld.Next_G_Application : Starting Next_G_Application using Java 11.0.2 on pop-os with PID 31909 (/home/hmld/eclipse-workspace/NextG/bin/main started by hmld in /home/hmld/eclipse-workspace/NextG)
2021-05-30 19:58:31.614  INFO 31909 --- [restartedMain] com.github.hmld.Next_G_Application : The following profiles are active: system,nextg,data
2021-05-30 19:58:31.667  INFO 31909 --- [restartedMain] org.springframework.boot.devtools.env.DevToolsPropertyDefaultsPostProcessor : Devtools property defaults active! Set 'spring.devtools.add-properties' to 'false' to disable
2021-05-30 19:58:31.667  INFO 31909 --- [restartedMain] org.springframework.boot.devtools.env.DevToolsPropertyDefaultsPostProcessor : For additional web related logging consider setting the 'logging.level.web' property to 'DEBUG'
2021-05-30 19:58:33.015  INFO 31909 --- [restartedMain] org.springframework.boot.web.embedded.tomcat.TomcatWebServer : Tomcat initialized with port(s): 8082 (http)
2021-05-30 19:58:33.026  INFO 31909 --- [restartedMain] org.apache.catalina.core.StandardService : Starting service [Tomcat]
2021-05-30 19:58:33.027  INFO 31909 --- [restartedMain] org.apache.catalina.core.StandardEngine : Starting Servlet engine: [Apache Tomcat/9.0.46]
2021-05-30 19:58:33.077  INFO 31909 --- [restartedMain] org.apache.catalina.core.ContainerBase.[Tomcat].[localhost].[/ng-api] : Initializing Spring embedded WebApplicationContext
2021-05-30 19:58:33.078  INFO 31909 --- [restartedMain] org.springframework.boot.web.servlet.context.ServletWebServerApplicationContext : Root WebApplicationContext: initialization completed in 1409 ms
2021-05-30 19:58:33.884  INFO 31909 --- [restartedMain] org.springframework.boot.devtools.autoconfigure.OptionalLiveReloadServer : LiveReload server is running on port 35729
2021-05-30 19:58:33.914  INFO 31909 --- [restartedMain] org.springframework.boot.web.embedded.tomcat.TomcatWebServer : Tomcat started on port(s): 8082 (http) with context path '/ng-api'
2021-05-30 19:58:33.927  INFO 31909 --- [restartedMain] com.github.hmld.Next_G_Application : Started Next_G_Application in 2.885 seconds (JVM running for 3.34)
2021-05-30 19:58:33.931  INFO 31909 --- [restartedMain] com.github.hmld.Next_G_Application : 
====================================================================
项目启动成功
总耗时：2905 ms
====================================================================

2021-05-30 19:58:35.952  INFO 31909 --- [http-nio-8082-exec-1] org.apache.catalina.core.ContainerBase.[Tomcat].[localhost].[/ng-api] : Initializing Spring DispatcherServlet 'dispatcherServlet'
2021-05-30 19:58:35.953  INFO 31909 --- [http-nio-8082-exec-1] org.springframework.web.servlet.DispatcherServlet : Initializing Servlet 'dispatcherServlet'
2021-05-30 19:58:35.954  INFO 31909 --- [http-nio-8082-exec-1] org.springframework.web.servlet.DispatcherServlet : Completed initialization in 1 ms
2021-05-30 19:58:35.976  INFO 31909 --- [http-nio-8082-exec-1] com.github.hmld.common.logger.LogAspect : 方法开始执行时间：1622375915976
2021-05-30 19:58:38.049  INFO 31909 --- [http-nio-8082-exec-1] com.github.hmld.common.logger.LogAspect : 方法的返回值 : null
2021-05-30 19:58:38.050  INFO 31909 --- [http-nio-8082-exec-1] com.github.hmld.common.logger.LogAspect : 方法最后执行.....
2021-05-30 19:58:38.050  INFO 31909 --- [http-nio-8082-exec-1] com.github.hmld.common.logger.LogAspect : 方法开始结束时间：1622375918050
2021-05-30 19:58:38.050  INFO 31909 --- [http-nio-8082-exec-1] com.github.hmld.common.logger.LogAspect : 用时：2074 ms
2021-05-30 19:58:38.061  INFO 31909 --- [http-nio-8082-exec-1] com.github.hmld.common.logger.LogAspect : SysOperationLog [id=d05bb0ec-da6f-4771-a032-bc6b6953ca4a, createTime=Sun May 30 19:58:38 CST 2021, level=0, operationUnit=unknown, method=com.github.hmld.controller.TestController.execPython, args=[], userId=#{currentUserId}, userName=#{currentUserName}, operationType=unknown, runTime=2074, returnValue=null, describestr='#{currentUserName}'=》execPython()]
2021-05-30 20:02:16.098  INFO 32350 --- [restartedMain] com.github.hmld.Next_G_Application : Starting Next_G_Application using Java 11.0.2 on pop-os with PID 32350 (/home/hmld/eclipse-workspace/NextG/bin/main started by hmld in /home/hmld/eclipse-workspace/NextG)
2021-05-30 20:02:16.101  INFO 32350 --- [restartedMain] com.github.hmld.Next_G_Application : The following profiles are active: system,nextg,data
2021-05-30 20:02:16.147  INFO 32350 --- [restartedMain] org.springframework.boot.devtools.env.DevToolsPropertyDefaultsPostProcessor : Devtools property defaults active! Set 'spring.devtools.add-properties' to 'false' to disable
2021-05-30 20:02:16.148  INFO 32350 --- [restartedMain] org.springframework.boot.devtools.env.DevToolsPropertyDefaultsPostProcessor : For additional web related logging consider setting the 'logging.level.web' property to 'DEBUG'
2021-05-30 20:02:17.243  INFO 32350 --- [restartedMain] org.springframework.boot.web.embedded.tomcat.TomcatWebServer : Tomcat initialized with port(s): 8082 (http)
2021-05-30 20:02:17.253  INFO 32350 --- [restartedMain] org.apache.catalina.core.StandardService : Starting service [Tomcat]
2021-05-30 20:02:17.253  INFO 32350 --- [restartedMain] org.apache.catalina.core.StandardEngine : Starting Servlet engine: [Apache Tomcat/9.0.46]
2021-05-30 20:02:17.298  INFO 32350 --- [restartedMain] org.apache.catalina.core.ContainerBase.[Tomcat].[localhost].[/ng-api] : Initializing Spring embedded WebApplicationContext
2021-05-30 20:02:17.298  INFO 32350 --- [restartedMain] org.springframework.boot.web.servlet.context.ServletWebServerApplicationContext : Root WebApplicationContext: initialization completed in 1150 ms
2021-05-30 20:02:17.999  INFO 32350 --- [restartedMain] org.springframework.boot.devtools.autoconfigure.OptionalLiveReloadServer : LiveReload server is running on port 35729
2021-05-30 20:02:18.023  INFO 32350 --- [restartedMain] org.springframework.boot.web.embedded.tomcat.TomcatWebServer : Tomcat started on port(s): 8082 (http) with context path '/ng-api'
2021-05-30 20:02:18.036  INFO 32350 --- [restartedMain] com.github.hmld.Next_G_Application : Started Next_G_Application in 2.489 seconds (JVM running for 2.921)
2021-05-30 20:02:18.039  INFO 32350 --- [restartedMain] com.github.hmld.Next_G_Application : 
====================================================================
项目启动成功
总耗时：2503 ms
====================================================================

2021-05-30 20:02:21.725  INFO 32350 --- [http-nio-8082-exec-1] org.apache.catalina.core.ContainerBase.[Tomcat].[localhost].[/ng-api] : Initializing Spring DispatcherServlet 'dispatcherServlet'
2021-05-30 20:02:21.726  INFO 32350 --- [http-nio-8082-exec-1] org.springframework.web.servlet.DispatcherServlet : Initializing Servlet 'dispatcherServlet'
2021-05-30 20:02:21.728  INFO 32350 --- [http-nio-8082-exec-1] org.springframework.web.servlet.DispatcherServlet : Completed initialization in 2 ms
2021-05-30 20:02:21.754  INFO 32350 --- [http-nio-8082-exec-1] com.github.hmld.common.logger.LogAspect : 方法开始执行时间：1622376141754
2021-05-30 20:02:22.819  INFO 32350 --- [http-nio-8082-exec-1] com.github.hmld.common.logger.LogAspect : 方法的返回值 : null
2021-05-30 20:02:22.819  INFO 32350 --- [http-nio-8082-exec-1] com.github.hmld.common.logger.LogAspect : 方法最后执行.....
2021-05-30 20:02:22.819  INFO 32350 --- [http-nio-8082-exec-1] com.github.hmld.common.logger.LogAspect : 方法开始结束时间：1622376142819
2021-05-30 20:02:22.819  INFO 32350 --- [http-nio-8082-exec-1] com.github.hmld.common.logger.LogAspect : 用时：1065 ms
2021-05-30 20:02:22.832  INFO 32350 --- [http-nio-8082-exec-1] com.github.hmld.common.logger.LogAspect : SysOperationLog [id=fa6cff8b-38b6-4a19-aa58-abefa632383c, createTime=Sun May 30 20:02:22 CST 2021, level=0, operationUnit=unknown, method=com.github.hmld.controller.TestController.execPython, args=[], userId=#{currentUserId}, userName=#{currentUserName}, operationType=unknown, runTime=1065, returnValue=null, describestr='#{currentUserName}'=》execPython()]
2021-05-30 20:02:52.686  INFO 32436 --- [restartedMain] com.github.hmld.Next_G_Application : Starting Next_G_Application using Java 11.0.2 on pop-os with PID 32436 (/home/hmld/eclipse-workspace/NextG/bin/main started by hmld in /home/hmld/eclipse-workspace/NextG)
2021-05-30 20:02:52.690  INFO 32436 --- [restartedMain] com.github.hmld.Next_G_Application : The following profiles are active: system,nextg,data
2021-05-30 20:02:52.741  INFO 32436 --- [restartedMain] org.springframework.boot.devtools.env.DevToolsPropertyDefaultsPostProcessor : Devtools property defaults active! Set 'spring.devtools.add-properties' to 'false' to disable
2021-05-30 20:02:52.742  INFO 32436 --- [restartedMain] org.springframework.boot.devtools.env.DevToolsPropertyDefaultsPostProcessor : For additional web related logging consider setting the 'logging.level.web' property to 'DEBUG'
2021-05-30 20:02:53.890  INFO 32436 --- [restartedMain] org.springframework.boot.web.embedded.tomcat.TomcatWebServer : Tomcat initialized with port(s): 8082 (http)
2021-05-30 20:02:53.899  INFO 32436 --- [restartedMain] org.apache.catalina.core.StandardService : Starting service [Tomcat]
2021-05-30 20:02:53.900  INFO 32436 --- [restartedMain] org.apache.catalina.core.StandardEngine : Starting Servlet engine: [Apache Tomcat/9.0.46]
2021-05-30 20:02:53.952  INFO 32436 --- [restartedMain] org.apache.catalina.core.ContainerBase.[Tomcat].[localhost].[/ng-api] : Initializing Spring embedded WebApplicationContext
2021-05-30 20:02:53.953  INFO 32436 --- [restartedMain] org.springframework.boot.web.servlet.context.ServletWebServerApplicationContext : Root WebApplicationContext: initialization completed in 1211 ms
2021-05-30 20:02:54.813  INFO 32436 --- [restartedMain] org.springframework.boot.devtools.autoconfigure.OptionalLiveReloadServer : LiveReload server is running on port 35729
2021-05-30 20:02:54.842  INFO 32436 --- [restartedMain] org.springframework.boot.web.embedded.tomcat.TomcatWebServer : Tomcat started on port(s): 8082 (http) with context path '/ng-api'
2021-05-30 20:02:54.856  INFO 32436 --- [restartedMain] com.github.hmld.Next_G_Application : Started Next_G_Application in 2.695 seconds (JVM running for 3.157)
2021-05-30 20:02:54.860  INFO 32436 --- [restartedMain] com.github.hmld.Next_G_Application : 
====================================================================
项目启动成功
总耗时：2709 ms
====================================================================

2021-05-30 20:02:57.911  INFO 32436 --- [http-nio-8082-exec-1] org.apache.catalina.core.ContainerBase.[Tomcat].[localhost].[/ng-api] : Initializing Spring DispatcherServlet 'dispatcherServlet'
2021-05-30 20:02:57.912  INFO 32436 --- [http-nio-8082-exec-1] org.springframework.web.servlet.DispatcherServlet : Initializing Servlet 'dispatcherServlet'
2021-05-30 20:02:57.913  INFO 32436 --- [http-nio-8082-exec-1] org.springframework.web.servlet.DispatcherServlet : Completed initialization in 1 ms
2021-05-30 20:02:57.934  INFO 32436 --- [http-nio-8082-exec-1] com.github.hmld.common.logger.LogAspect : 方法开始执行时间：1622376177934
2021-05-30 20:02:59.113  INFO 32436 --- [http-nio-8082-exec-1] com.github.hmld.common.logger.LogAspect : 方法的返回值 : null
2021-05-30 20:02:59.114  INFO 32436 --- [http-nio-8082-exec-1] com.github.hmld.common.logger.LogAspect : 方法最后执行.....
2021-05-30 20:02:59.114  INFO 32436 --- [http-nio-8082-exec-1] com.github.hmld.common.logger.LogAspect : 方法开始结束时间：1622376179114
2021-05-30 20:02:59.114  INFO 32436 --- [http-nio-8082-exec-1] com.github.hmld.common.logger.LogAspect : 用时：1180 ms
2021-05-30 20:02:59.124  INFO 32436 --- [http-nio-8082-exec-1] com.github.hmld.common.logger.LogAspect : SysOperationLog [id=3503327e-ab77-4d03-8029-5ff49bcf502c, createTime=Sun May 30 20:02:59 CST 2021, level=0, operationUnit=unknown, method=com.github.hmld.controller.TestController.execPython, args=[], userId=#{currentUserId}, userName=#{currentUserName}, operationType=unknown, runTime=1180, returnValue=null, describestr='#{currentUserName}'=》execPython()]
2021-05-30 20:03:28.687  INFO 32436 --- [http-nio-8082-exec-2] com.github.hmld.common.logger.LogAspect : 方法开始执行时间：1622376208687
2021-05-30 20:03:28.693  INFO 32436 --- [http-nio-8082-exec-2] com.github.hmld.common.logger.LogAspect : 方法的返回值 : null
2021-05-30 20:03:28.693  INFO 32436 --- [http-nio-8082-exec-2] com.github.hmld.common.logger.LogAspect : 方法最后执行.....
2021-05-30 20:03:28.694  INFO 32436 --- [http-nio-8082-exec-2] com.github.hmld.common.logger.LogAspect : 方法开始结束时间：1622376208693
2021-05-30 20:03:28.694  INFO 32436 --- [http-nio-8082-exec-2] com.github.hmld.common.logger.LogAspect : 用时：6 ms
2021-05-30 20:03:28.694  INFO 32436 --- [http-nio-8082-exec-2] com.github.hmld.common.logger.LogAspect : SysOperationLog [id=41197266-7908-432f-aa77-24dc44435c33, createTime=Sun May 30 20:03:28 CST 2021, level=0, operationUnit=unknown, method=com.github.hmld.controller.TestController.execPython, args=[], userId=#{currentUserId}, userName=#{currentUserName}, operationType=unknown, runTime=7, returnValue=null, describestr='#{currentUserName}'=》execPython()]
2021-05-30 20:04:01.518  INFO 32579 --- [restartedMain] com.github.hmld.Next_G_Application : Starting Next_G_Application using Java 11.0.2 on pop-os with PID 32579 (/home/hmld/eclipse-workspace/NextG/bin/main started by hmld in /home/hmld/eclipse-workspace/NextG)
2021-05-30 20:04:01.521  INFO 32579 --- [restartedMain] com.github.hmld.Next_G_Application : The following profiles are active: system,nextg,data
2021-05-30 20:04:01.564  INFO 32579 --- [restartedMain] org.springframework.boot.devtools.env.DevToolsPropertyDefaultsPostProcessor : Devtools property defaults active! Set 'spring.devtools.add-properties' to 'false' to disable
2021-05-30 20:04:01.564  INFO 32579 --- [restartedMain] org.springframework.boot.devtools.env.DevToolsPropertyDefaultsPostProcessor : For additional web related logging consider setting the 'logging.level.web' property to 'DEBUG'
2021-05-30 20:04:02.733  INFO 32579 --- [restartedMain] org.springframework.boot.web.embedded.tomcat.TomcatWebServer : Tomcat initialized with port(s): 8082 (http)
2021-05-30 20:04:02.746  INFO 32579 --- [restartedMain] org.apache.catalina.core.StandardService : Starting service [Tomcat]
2021-05-30 20:04:02.747  INFO 32579 --- [restartedMain] org.apache.catalina.core.StandardEngine : Starting Servlet engine: [Apache Tomcat/9.0.46]
2021-05-30 20:04:02.799  INFO 32579 --- [restartedMain] org.apache.catalina.core.ContainerBase.[Tomcat].[localhost].[/ng-api] : Initializing Spring embedded WebApplicationContext
2021-05-30 20:04:02.799  INFO 32579 --- [restartedMain] org.springframework.boot.web.servlet.context.ServletWebServerApplicationContext : Root WebApplicationContext: initialization completed in 1234 ms
2021-05-30 20:04:03.682  INFO 32579 --- [restartedMain] org.springframework.boot.devtools.autoconfigure.OptionalLiveReloadServer : LiveReload server is running on port 35729
2021-05-30 20:04:03.713  INFO 32579 --- [restartedMain] org.springframework.boot.web.embedded.tomcat.TomcatWebServer : Tomcat started on port(s): 8082 (http) with context path '/ng-api'
2021-05-30 20:04:03.723  INFO 32579 --- [restartedMain] com.github.hmld.Next_G_Application : Started Next_G_Application in 2.745 seconds (JVM running for 3.145)
2021-05-30 20:04:03.726  INFO 32579 --- [restartedMain] com.github.hmld.Next_G_Application : 
====================================================================
项目启动成功
总耗时：2759 ms
====================================================================

2021-05-30 20:04:07.086  INFO 32579 --- [http-nio-8082-exec-1] org.apache.catalina.core.ContainerBase.[Tomcat].[localhost].[/ng-api] : Initializing Spring DispatcherServlet 'dispatcherServlet'
2021-05-30 20:04:07.087  INFO 32579 --- [http-nio-8082-exec-1] org.springframework.web.servlet.DispatcherServlet : Initializing Servlet 'dispatcherServlet'
2021-05-30 20:04:07.088  INFO 32579 --- [http-nio-8082-exec-1] org.springframework.web.servlet.DispatcherServlet : Completed initialization in 1 ms
2021-05-30 20:04:07.113  INFO 32579 --- [http-nio-8082-exec-1] com.github.hmld.common.logger.LogAspect : 方法开始执行时间：1622376247113
2021-05-30 20:04:08.257  INFO 32579 --- [http-nio-8082-exec-1] com.github.hmld.common.logger.LogAspect : 方法的返回值 : null
2021-05-30 20:04:08.258  INFO 32579 --- [http-nio-8082-exec-1] com.github.hmld.common.logger.LogAspect : 方法最后执行.....
2021-05-30 20:04:08.258  INFO 32579 --- [http-nio-8082-exec-1] com.github.hmld.common.logger.LogAspect : 方法开始结束时间：1622376248258
2021-05-30 20:04:08.258  INFO 32579 --- [http-nio-8082-exec-1] com.github.hmld.common.logger.LogAspect : 用时：1145 ms
2021-05-30 20:04:08.267  INFO 32579 --- [http-nio-8082-exec-1] com.github.hmld.common.logger.LogAspect : SysOperationLog [id=3820815e-dcfc-46df-86ec-e0bb4c1e1def, createTime=Sun May 30 20:04:08 CST 2021, level=0, operationUnit=unknown, method=com.github.hmld.controller.TestController.execPython, args=[], userId=#{currentUserId}, userName=#{currentUserName}, operationType=unknown, runTime=1145, returnValue=null, describestr='#{currentUserName}'=》execPython()]
2021-05-30 20:07:27.731  INFO 32894 --- [restartedMain] com.github.hmld.Next_G_Application : Starting Next_G_Application using Java 11.0.2 on pop-os with PID 32894 (/home/hmld/eclipse-workspace/NextG/bin/main started by hmld in /home/hmld/eclipse-workspace/NextG)
2021-05-30 20:07:27.735  INFO 32894 --- [restartedMain] com.github.hmld.Next_G_Application : The following profiles are active: system,nextg,data
2021-05-30 20:07:27.788  INFO 32894 --- [restartedMain] org.springframework.boot.devtools.env.DevToolsPropertyDefaultsPostProcessor : Devtools property defaults active! Set 'spring.devtools.add-properties' to 'false' to disable
2021-05-30 20:07:27.789  INFO 32894 --- [restartedMain] org.springframework.boot.devtools.env.DevToolsPropertyDefaultsPostProcessor : For additional web related logging consider setting the 'logging.level.web' property to 'DEBUG'
2021-05-30 20:07:28.996  INFO 32894 --- [restartedMain] org.springframework.boot.web.embedded.tomcat.TomcatWebServer : Tomcat initialized with port(s): 8082 (http)
2021-05-30 20:07:29.008  INFO 32894 --- [restartedMain] org.apache.catalina.core.StandardService : Starting service [Tomcat]
2021-05-30 20:07:29.009  INFO 32894 --- [restartedMain] org.apache.catalina.core.StandardEngine : Starting Servlet engine: [Apache Tomcat/9.0.46]
2021-05-30 20:07:29.078  INFO 32894 --- [restartedMain] org.apache.catalina.core.ContainerBase.[Tomcat].[localhost].[/ng-api] : Initializing Spring embedded WebApplicationContext
2021-05-30 20:07:29.079  INFO 32894 --- [restartedMain] org.springframework.boot.web.servlet.context.ServletWebServerApplicationContext : Root WebApplicationContext: initialization completed in 1289 ms
2021-05-30 20:07:29.775  INFO 32894 --- [restartedMain] org.springframework.boot.devtools.autoconfigure.OptionalLiveReloadServer : LiveReload server is running on port 35729
2021-05-30 20:07:29.800  INFO 32894 --- [restartedMain] org.springframework.boot.web.embedded.tomcat.TomcatWebServer : Tomcat started on port(s): 8082 (http) with context path '/ng-api'
2021-05-30 20:07:29.809  INFO 32894 --- [restartedMain] com.github.hmld.Next_G_Application : Started Next_G_Application in 2.635 seconds (JVM running for 3.052)
2021-05-30 20:07:29.813  INFO 32894 --- [restartedMain] com.github.hmld.Next_G_Application : 
====================================================================
项目启动成功
总耗时：2650 ms
====================================================================

2021-05-30 20:07:33.153  INFO 32894 --- [http-nio-8082-exec-1] org.apache.catalina.core.ContainerBase.[Tomcat].[localhost].[/ng-api] : Initializing Spring DispatcherServlet 'dispatcherServlet'
2021-05-30 20:07:33.154  INFO 32894 --- [http-nio-8082-exec-1] org.springframework.web.servlet.DispatcherServlet : Initializing Servlet 'dispatcherServlet'
2021-05-30 20:07:33.155  INFO 32894 --- [http-nio-8082-exec-1] org.springframework.web.servlet.DispatcherServlet : Completed initialization in 1 ms
2021-05-30 20:07:33.180  INFO 32894 --- [http-nio-8082-exec-1] com.github.hmld.common.logger.LogAspect : 方法开始执行时间：1622376453180
2021-05-30 20:07:34.375  INFO 32894 --- [http-nio-8082-exec-1] com.github.hmld.common.logger.LogAspect : 方法的返回值 : null
2021-05-30 20:07:34.376  INFO 32894 --- [http-nio-8082-exec-1] com.github.hmld.common.logger.LogAspect : 方法最后执行.....
2021-05-30 20:07:34.376  INFO 32894 --- [http-nio-8082-exec-1] com.github.hmld.common.logger.LogAspect : 方法开始结束时间：1622376454376
2021-05-30 20:07:34.376  INFO 32894 --- [http-nio-8082-exec-1] com.github.hmld.common.logger.LogAspect : 用时：1196 ms
2021-05-30 20:07:34.389  INFO 32894 --- [http-nio-8082-exec-1] com.github.hmld.common.logger.LogAspect : SysOperationLog [id=89ca496f-d7e3-4db5-8f84-8ba3cde31634, createTime=Sun May 30 20:07:34 CST 2021, level=0, operationUnit=unknown, method=com.github.hmld.controller.TestController.execPython, args=[], userId=#{currentUserId}, userName=#{currentUserName}, operationType=unknown, runTime=1196, returnValue=null, describestr='#{currentUserName}'=》execPython()]
2021-05-30 20:08:59.453  INFO 33020 --- [restartedMain] com.github.hmld.Next_G_Application : Starting Next_G_Application using Java 11.0.2 on pop-os with PID 33020 (/home/hmld/eclipse-workspace/NextG/bin/main started by hmld in /home/hmld/eclipse-workspace/NextG)
2021-05-30 20:08:59.456  INFO 33020 --- [restartedMain] com.github.hmld.Next_G_Application : The following profiles are active: system,nextg,data
2021-05-30 20:08:59.509  INFO 33020 --- [restartedMain] org.springframework.boot.devtools.env.DevToolsPropertyDefaultsPostProcessor : Devtools property defaults active! Set 'spring.devtools.add-properties' to 'false' to disable
2021-05-30 20:08:59.509  INFO 33020 --- [restartedMain] org.springframework.boot.devtools.env.DevToolsPropertyDefaultsPostProcessor : For additional web related logging consider setting the 'logging.level.web' property to 'DEBUG'
2021-05-30 20:09:00.670  INFO 33020 --- [restartedMain] org.springframework.boot.web.embedded.tomcat.TomcatWebServer : Tomcat initialized with port(s): 8082 (http)
2021-05-30 20:09:00.679  INFO 33020 --- [restartedMain] org.apache.catalina.core.StandardService : Starting service [Tomcat]
2021-05-30 20:09:00.680  INFO 33020 --- [restartedMain] org.apache.catalina.core.StandardEngine : Starting Servlet engine: [Apache Tomcat/9.0.46]
2021-05-30 20:09:00.731  INFO 33020 --- [restartedMain] org.apache.catalina.core.ContainerBase.[Tomcat].[localhost].[/ng-api] : Initializing Spring embedded WebApplicationContext
2021-05-30 20:09:00.731  INFO 33020 --- [restartedMain] org.springframework.boot.web.servlet.context.ServletWebServerApplicationContext : Root WebApplicationContext: initialization completed in 1221 ms
2021-05-30 20:09:01.421  INFO 33020 --- [restartedMain] org.springframework.boot.devtools.autoconfigure.OptionalLiveReloadServer : LiveReload server is running on port 35729
2021-05-30 20:09:01.448  INFO 33020 --- [restartedMain] org.springframework.boot.web.embedded.tomcat.TomcatWebServer : Tomcat started on port(s): 8082 (http) with context path '/ng-api'
2021-05-30 20:09:01.458  INFO 33020 --- [restartedMain] com.github.hmld.Next_G_Application : Started Next_G_Application in 2.6 seconds (JVM running for 3.037)
2021-05-30 20:09:01.463  INFO 33020 --- [restartedMain] com.github.hmld.Next_G_Application : 
====================================================================
项目启动成功
总耗时：2614 ms
====================================================================

2021-05-30 20:09:04.801  INFO 33020 --- [http-nio-8082-exec-1] org.apache.catalina.core.ContainerBase.[Tomcat].[localhost].[/ng-api] : Initializing Spring DispatcherServlet 'dispatcherServlet'
2021-05-30 20:09:04.801  INFO 33020 --- [http-nio-8082-exec-1] org.springframework.web.servlet.DispatcherServlet : Initializing Servlet 'dispatcherServlet'
2021-05-30 20:09:04.802  INFO 33020 --- [http-nio-8082-exec-1] org.springframework.web.servlet.DispatcherServlet : Completed initialization in 1 ms
2021-05-30 20:09:04.823  INFO 33020 --- [http-nio-8082-exec-1] com.github.hmld.common.logger.LogAspect : 方法开始执行时间：1622376544823
2021-05-30 20:09:06.023  INFO 33020 --- [http-nio-8082-exec-1] com.github.hmld.common.logger.LogAspect : 方法的返回值 : null
2021-05-30 20:09:06.023  INFO 33020 --- [http-nio-8082-exec-1] com.github.hmld.common.logger.LogAspect : 方法最后执行.....
2021-05-30 20:09:06.024  INFO 33020 --- [http-nio-8082-exec-1] com.github.hmld.common.logger.LogAspect : 方法开始结束时间：1622376546023
2021-05-30 20:09:06.024  INFO 33020 --- [http-nio-8082-exec-1] com.github.hmld.common.logger.LogAspect : 用时：1200 ms
2021-05-30 20:09:06.035  INFO 33020 --- [http-nio-8082-exec-1] com.github.hmld.common.logger.LogAspect : SysOperationLog [id=931003c0-381f-45dc-bb85-0a7a860f21eb, createTime=Sun May 30 20:09:06 CST 2021, level=0, operationUnit=unknown, method=com.github.hmld.controller.TestController.execPython, args=[], userId=#{currentUserId}, userName=#{currentUserName}, operationType=unknown, runTime=1201, returnValue=null, describestr='#{currentUserName}'=》execPython()]
2021-05-30 20:09:53.092  INFO 33020 --- [restartedMain] com.github.hmld.Next_G_Application : Starting Next_G_Application using Java 11.0.2 on pop-os with PID 33020 (/home/hmld/eclipse-workspace/NextG/bin/main started by hmld in /home/hmld/eclipse-workspace/NextG)
2021-05-30 20:09:53.093  INFO 33020 --- [restartedMain] com.github.hmld.Next_G_Application : The following profiles are active: system,nextg,data
2021-05-30 20:09:53.340  INFO 33020 --- [restartedMain] org.springframework.boot.web.embedded.tomcat.TomcatWebServer : Tomcat initialized with port(s): 8082 (http)
2021-05-30 20:09:53.342  INFO 33020 --- [restartedMain] org.apache.catalina.core.StandardService : Starting service [Tomcat]
2021-05-30 20:09:53.342  INFO 33020 --- [restartedMain] org.apache.catalina.core.StandardEngine : Starting Servlet engine: [Apache Tomcat/9.0.46]
2021-05-30 20:09:53.351  INFO 33020 --- [restartedMain] org.apache.catalina.core.ContainerBase.[Tomcat].[localhost].[/ng-api] : Initializing Spring embedded WebApplicationContext
2021-05-30 20:09:53.351  INFO 33020 --- [restartedMain] org.springframework.boot.web.servlet.context.ServletWebServerApplicationContext : Root WebApplicationContext: initialization completed in 255 ms
2021-05-30 20:09:53.682  INFO 33020 --- [restartedMain] org.springframework.boot.devtools.autoconfigure.OptionalLiveReloadServer : LiveReload server is running on port 35729
2021-05-30 20:09:53.689  INFO 33020 --- [restartedMain] org.springframework.boot.web.embedded.tomcat.TomcatWebServer : Tomcat started on port(s): 8082 (http) with context path '/ng-api'
2021-05-30 20:09:53.693  INFO 33020 --- [restartedMain] com.github.hmld.Next_G_Application : Started Next_G_Application in 0.644 seconds (JVM running for 55.272)
2021-05-30 20:09:53.695  INFO 33020 --- [restartedMain] org.springframework.boot.devtools.autoconfigure.ConditionEvaluationDeltaLoggingListener : Condition evaluation unchanged
2021-05-30 20:09:53.696  INFO 33020 --- [restartedMain] com.github.hmld.Next_G_Application : 
====================================================================
项目启动成功
总耗时：651 ms
====================================================================

2021-05-30 20:10:01.206  INFO 33020 --- [restartedMain] com.github.hmld.Next_G_Application : Starting Next_G_Application using Java 11.0.2 on pop-os with PID 33020 (/home/hmld/eclipse-workspace/NextG/bin/main started by hmld in /home/hmld/eclipse-workspace/NextG)
2021-05-30 20:10:01.207  INFO 33020 --- [restartedMain] com.github.hmld.Next_G_Application : The following profiles are active: system,nextg,data
2021-05-30 20:10:01.387  INFO 33020 --- [restartedMain] org.springframework.boot.web.embedded.tomcat.TomcatWebServer : Tomcat initialized with port(s): 8082 (http)
2021-05-30 20:10:01.388  INFO 33020 --- [restartedMain] org.apache.catalina.core.StandardService : Starting service [Tomcat]
2021-05-30 20:10:01.388  INFO 33020 --- [restartedMain] org.apache.catalina.core.StandardEngine : Starting Servlet engine: [Apache Tomcat/9.0.46]
2021-05-30 20:10:01.398  INFO 33020 --- [restartedMain] org.apache.catalina.core.ContainerBase.[Tomcat].[localhost].[/ng-api] : Initializing Spring embedded WebApplicationContext
2021-05-30 20:10:01.398  INFO 33020 --- [restartedMain] org.springframework.boot.web.servlet.context.ServletWebServerApplicationContext : Root WebApplicationContext: initialization completed in 188 ms
2021-05-30 20:10:01.646  INFO 33020 --- [restartedMain] org.springframework.boot.devtools.autoconfigure.OptionalLiveReloadServer : LiveReload server is running on port 35729
2021-05-30 20:10:01.651  INFO 33020 --- [restartedMain] org.springframework.boot.web.embedded.tomcat.TomcatWebServer : Tomcat started on port(s): 8082 (http) with context path '/ng-api'
2021-05-30 20:10:01.654  INFO 33020 --- [restartedMain] com.github.hmld.Next_G_Application : Started Next_G_Application in 0.488 seconds (JVM running for 63.233)
2021-05-30 20:10:01.655  INFO 33020 --- [restartedMain] org.springframework.boot.devtools.autoconfigure.ConditionEvaluationDeltaLoggingListener : Condition evaluation unchanged
2021-05-30 20:10:01.655  INFO 33020 --- [restartedMain] com.github.hmld.Next_G_Application : 
====================================================================
项目启动成功
总耗时：493 ms
====================================================================

2021-05-30 20:11:07.308  INFO 33245 --- [restartedMain] com.github.hmld.Next_G_Application : Starting Next_G_Application using Java 11.0.2 on pop-os with PID 33245 (/home/hmld/eclipse-workspace/NextG/bin/main started by hmld in /home/hmld/eclipse-workspace/NextG)
2021-05-30 20:11:07.312  INFO 33245 --- [restartedMain] com.github.hmld.Next_G_Application : The following profiles are active: system,nextg,data
2021-05-30 20:11:07.364  INFO 33245 --- [restartedMain] org.springframework.boot.devtools.env.DevToolsPropertyDefaultsPostProcessor : Devtools property defaults active! Set 'spring.devtools.add-properties' to 'false' to disable
2021-05-30 20:11:07.365  INFO 33245 --- [restartedMain] org.springframework.boot.devtools.env.DevToolsPropertyDefaultsPostProcessor : For additional web related logging consider setting the 'logging.level.web' property to 'DEBUG'
2021-05-30 20:11:08.435  INFO 33245 --- [restartedMain] org.springframework.boot.web.embedded.tomcat.TomcatWebServer : Tomcat initialized with port(s): 8082 (http)
2021-05-30 20:11:08.444  INFO 33245 --- [restartedMain] org.apache.catalina.core.StandardService : Starting service [Tomcat]
2021-05-30 20:11:08.444  INFO 33245 --- [restartedMain] org.apache.catalina.core.StandardEngine : Starting Servlet engine: [Apache Tomcat/9.0.46]
2021-05-30 20:11:08.491  INFO 33245 --- [restartedMain] org.apache.catalina.core.ContainerBase.[Tomcat].[localhost].[/ng-api] : Initializing Spring embedded WebApplicationContext
2021-05-30 20:11:08.491  INFO 33245 --- [restartedMain] org.springframework.boot.web.servlet.context.ServletWebServerApplicationContext : Root WebApplicationContext: initialization completed in 1126 ms
2021-05-30 20:11:09.262  INFO 33245 --- [restartedMain] org.springframework.boot.devtools.autoconfigure.OptionalLiveReloadServer : LiveReload server is running on port 35729
2021-05-30 20:11:09.287  INFO 33245 --- [restartedMain] org.springframework.boot.web.embedded.tomcat.TomcatWebServer : Tomcat started on port(s): 8082 (http) with context path '/ng-api'
2021-05-30 20:11:09.301  INFO 33245 --- [restartedMain] com.github.hmld.Next_G_Application : Started Next_G_Application in 2.534 seconds (JVM running for 2.962)
2021-05-30 20:11:09.306  INFO 33245 --- [restartedMain] com.github.hmld.Next_G_Application : 
====================================================================
项目启动成功
总耗时：2546 ms
====================================================================

2021-05-30 20:11:15.292  INFO 33245 --- [http-nio-8082-exec-1] org.apache.catalina.core.ContainerBase.[Tomcat].[localhost].[/ng-api] : Initializing Spring DispatcherServlet 'dispatcherServlet'
2021-05-30 20:11:15.293  INFO 33245 --- [http-nio-8082-exec-1] org.springframework.web.servlet.DispatcherServlet : Initializing Servlet 'dispatcherServlet'
2021-05-30 20:11:15.294  INFO 33245 --- [http-nio-8082-exec-1] org.springframework.web.servlet.DispatcherServlet : Completed initialization in 1 ms
2021-05-30 20:11:15.319  INFO 33245 --- [http-nio-8082-exec-1] com.github.hmld.common.logger.LogAspect : 方法开始执行时间：1622376675319
2021-05-30 20:11:16.378  INFO 33245 --- [http-nio-8082-exec-1] com.github.hmld.common.logger.LogAspect : 方法的返回值 : null
2021-05-30 20:11:16.378  INFO 33245 --- [http-nio-8082-exec-1] com.github.hmld.common.logger.LogAspect : 方法最后执行.....
2021-05-30 20:11:16.379  INFO 33245 --- [http-nio-8082-exec-1] com.github.hmld.common.logger.LogAspect : 方法开始结束时间：1622376676378
2021-05-30 20:11:16.379  INFO 33245 --- [http-nio-8082-exec-1] com.github.hmld.common.logger.LogAspect : 用时：1059 ms
2021-05-30 20:11:16.388  INFO 33245 --- [http-nio-8082-exec-1] com.github.hmld.common.logger.LogAspect : SysOperationLog [id=316a68bf-149a-4182-b45a-f4be85729062, createTime=Sun May 30 20:11:16 CST 2021, level=0, operationUnit=unknown, method=com.github.hmld.controller.TestController.execPython, args=[], userId=#{currentUserId}, userName=#{currentUserName}, operationType=unknown, runTime=1060, returnValue=null, describestr='#{currentUserName}'=》execPython()]
2021-05-30 20:12:52.202  INFO 33378 --- [restartedMain] com.github.hmld.Next_G_Application : Starting Next_G_Application using Java 11.0.2 on pop-os with PID 33378 (/home/hmld/eclipse-workspace/NextG/bin/main started by hmld in /home/hmld/eclipse-workspace/NextG)
2021-05-30 20:12:52.204  INFO 33378 --- [restartedMain] com.github.hmld.Next_G_Application : The following profiles are active: system,nextg,data
2021-05-30 20:12:52.255  INFO 33378 --- [restartedMain] org.springframework.boot.devtools.env.DevToolsPropertyDefaultsPostProcessor : Devtools property defaults active! Set 'spring.devtools.add-properties' to 'false' to disable
2021-05-30 20:12:52.256  INFO 33378 --- [restartedMain] org.springframework.boot.devtools.env.DevToolsPropertyDefaultsPostProcessor : For additional web related logging consider setting the 'logging.level.web' property to 'DEBUG'
2021-05-30 20:12:53.360  INFO 33378 --- [restartedMain] org.springframework.boot.web.embedded.tomcat.TomcatWebServer : Tomcat initialized with port(s): 8082 (http)
2021-05-30 20:12:53.369  INFO 33378 --- [restartedMain] org.apache.catalina.core.StandardService : Starting service [Tomcat]
2021-05-30 20:12:53.369  INFO 33378 --- [restartedMain] org.apache.catalina.core.StandardEngine : Starting Servlet engine: [Apache Tomcat/9.0.46]
2021-05-30 20:12:53.419  INFO 33378 --- [restartedMain] org.apache.catalina.core.ContainerBase.[Tomcat].[localhost].[/ng-api] : Initializing Spring embedded WebApplicationContext
2021-05-30 20:12:53.419  INFO 33378 --- [restartedMain] org.springframework.boot.web.servlet.context.ServletWebServerApplicationContext : Root WebApplicationContext: initialization completed in 1163 ms
2021-05-30 20:12:54.111  INFO 33378 --- [restartedMain] org.springframework.boot.devtools.autoconfigure.OptionalLiveReloadServer : LiveReload server is running on port 35729
2021-05-30 20:12:54.135  INFO 33378 --- [restartedMain] org.springframework.boot.web.embedded.tomcat.TomcatWebServer : Tomcat started on port(s): 8082 (http) with context path '/ng-api'
2021-05-30 20:12:54.148  INFO 33378 --- [restartedMain] com.github.hmld.Next_G_Application : Started Next_G_Application in 2.47 seconds (JVM running for 2.847)
2021-05-30 20:12:54.151  INFO 33378 --- [restartedMain] com.github.hmld.Next_G_Application : 
====================================================================
项目启动成功
总耗时：2487 ms
====================================================================

2021-05-30 20:12:56.904  INFO 33378 --- [http-nio-8082-exec-1] org.apache.catalina.core.ContainerBase.[Tomcat].[localhost].[/ng-api] : Initializing Spring DispatcherServlet 'dispatcherServlet'
2021-05-30 20:12:56.905  INFO 33378 --- [http-nio-8082-exec-1] org.springframework.web.servlet.DispatcherServlet : Initializing Servlet 'dispatcherServlet'
2021-05-30 20:12:56.906  INFO 33378 --- [http-nio-8082-exec-1] org.springframework.web.servlet.DispatcherServlet : Completed initialization in 1 ms
2021-05-30 20:12:56.930  INFO 33378 --- [http-nio-8082-exec-1] com.github.hmld.common.logger.LogAspect : 方法开始执行时间：1622376776930
2021-05-30 20:12:58.057  INFO 33378 --- [http-nio-8082-exec-1] com.github.hmld.common.logger.LogAspect : 方法的返回值 : null
2021-05-30 20:12:58.057  INFO 33378 --- [http-nio-8082-exec-1] com.github.hmld.common.logger.LogAspect : 方法最后执行.....
2021-05-30 20:12:58.057  INFO 33378 --- [http-nio-8082-exec-1] com.github.hmld.common.logger.LogAspect : 方法开始结束时间：1622376778057
2021-05-30 20:12:58.057  INFO 33378 --- [http-nio-8082-exec-1] com.github.hmld.common.logger.LogAspect : 用时：1127 ms
2021-05-30 20:12:58.068  INFO 33378 --- [http-nio-8082-exec-1] com.github.hmld.common.logger.LogAspect : SysOperationLog [id=de2cc43c-f3ac-413f-98a7-2e28f8a4608d, createTime=Sun May 30 20:12:58 CST 2021, level=0, operationUnit=unknown, method=com.github.hmld.controller.TestController.execPython, args=[], userId=#{currentUserId}, userName=#{currentUserName}, operationType=unknown, runTime=1128, returnValue=null, describestr='#{currentUserName}'=》execPython()]
2021-05-30 20:14:37.044  INFO 33551 --- [restartedMain] com.github.hmld.Next_G_Application : Starting Next_G_Application using Java 11.0.2 on pop-os with PID 33551 (/home/hmld/eclipse-workspace/NextG/bin/main started by hmld in /home/hmld/eclipse-workspace/NextG)
2021-05-30 20:14:37.047  INFO 33551 --- [restartedMain] com.github.hmld.Next_G_Application : The following profiles are active: system,nextg,data
2021-05-30 20:14:37.101  INFO 33551 --- [restartedMain] org.springframework.boot.devtools.env.DevToolsPropertyDefaultsPostProcessor : Devtools property defaults active! Set 'spring.devtools.add-properties' to 'false' to disable
2021-05-30 20:14:37.102  INFO 33551 --- [restartedMain] org.springframework.boot.devtools.env.DevToolsPropertyDefaultsPostProcessor : For additional web related logging consider setting the 'logging.level.web' property to 'DEBUG'
2021-05-30 20:14:38.369  INFO 33551 --- [restartedMain] org.springframework.boot.web.embedded.tomcat.TomcatWebServer : Tomcat initialized with port(s): 8082 (http)
2021-05-30 20:14:38.380  INFO 33551 --- [restartedMain] org.apache.catalina.core.StandardService : Starting service [Tomcat]
2021-05-30 20:14:38.381  INFO 33551 --- [restartedMain] org.apache.catalina.core.StandardEngine : Starting Servlet engine: [Apache Tomcat/9.0.46]
2021-05-30 20:14:38.442  INFO 33551 --- [restartedMain] org.apache.catalina.core.ContainerBase.[Tomcat].[localhost].[/ng-api] : Initializing Spring embedded WebApplicationContext
2021-05-30 20:14:38.442  INFO 33551 --- [restartedMain] org.springframework.boot.web.servlet.context.ServletWebServerApplicationContext : Root WebApplicationContext: initialization completed in 1340 ms
2021-05-30 20:14:39.112  INFO 33551 --- [restartedMain] org.springframework.boot.devtools.autoconfigure.OptionalLiveReloadServer : LiveReload server is running on port 35729
2021-05-30 20:14:39.155  INFO 33551 --- [restartedMain] org.springframework.boot.web.embedded.tomcat.TomcatWebServer : Tomcat started on port(s): 8082 (http) with context path '/ng-api'
2021-05-30 20:14:39.164  INFO 33551 --- [restartedMain] com.github.hmld.Next_G_Application : Started Next_G_Application in 2.673 seconds (JVM running for 3.046)
2021-05-30 20:14:39.168  INFO 33551 --- [restartedMain] com.github.hmld.Next_G_Application : 
====================================================================
项目启动成功
总耗时：2686 ms
====================================================================

2021-05-30 20:15:07.886  INFO 33551 --- [http-nio-8082-exec-1] org.apache.catalina.core.ContainerBase.[Tomcat].[localhost].[/ng-api] : Initializing Spring DispatcherServlet 'dispatcherServlet'
2021-05-30 20:15:07.886  INFO 33551 --- [http-nio-8082-exec-1] org.springframework.web.servlet.DispatcherServlet : Initializing Servlet 'dispatcherServlet'
2021-05-30 20:15:07.887  INFO 33551 --- [http-nio-8082-exec-1] org.springframework.web.servlet.DispatcherServlet : Completed initialization in 1 ms
2021-05-30 20:15:07.908  INFO 33551 --- [http-nio-8082-exec-1] com.github.hmld.common.logger.LogAspect : 方法开始执行时间：1622376907908
2021-05-30 20:15:08.119  INFO 33551 --- [http-nio-8082-exec-1] com.github.hmld.common.logger.LogAspect : 方法的返回值 : null
2021-05-30 20:15:08.119  INFO 33551 --- [http-nio-8082-exec-1] com.github.hmld.common.logger.LogAspect : 方法最后执行.....
2021-05-30 20:15:08.119  INFO 33551 --- [http-nio-8082-exec-1] com.github.hmld.common.logger.LogAspect : 方法开始结束时间：1622376908119
2021-05-30 20:15:08.120  INFO 33551 --- [http-nio-8082-exec-1] com.github.hmld.common.logger.LogAspect : 用时：211 ms
2021-05-30 20:15:08.136  INFO 33551 --- [http-nio-8082-exec-1] com.github.hmld.common.logger.LogAspect : SysOperationLog [id=21f6165e-4ebb-402b-8bf8-cff6026667fd, createTime=Sun May 30 20:15:08 CST 2021, level=0, operationUnit=unknown, method=com.github.hmld.controller.TestController.execPython, args=[], userId=#{currentUserId}, userName=#{currentUserName}, operationType=unknown, runTime=212, returnValue=null, describestr='#{currentUserName}'=》execPython()]
2021-05-30 20:15:41.161  INFO 33551 --- [http-nio-8082-exec-2] com.github.hmld.common.logger.LogAspect : 方法开始执行时间：1622376941161
2021-05-30 20:15:41.168  INFO 33551 --- [http-nio-8082-exec-2] com.github.hmld.common.logger.LogAspect : 方法的返回值 : null
2021-05-30 20:15:41.169  INFO 33551 --- [http-nio-8082-exec-2] com.github.hmld.common.logger.LogAspect : 方法最后执行.....
2021-05-30 20:15:41.170  INFO 33551 --- [http-nio-8082-exec-2] com.github.hmld.common.logger.LogAspect : 方法开始结束时间：1622376941169
2021-05-30 20:15:41.170  INFO 33551 --- [http-nio-8082-exec-2] com.github.hmld.common.logger.LogAspect : 用时：8 ms
2021-05-30 20:15:41.171  INFO 33551 --- [http-nio-8082-exec-2] com.github.hmld.common.logger.LogAspect : SysOperationLog [id=52cb9985-1b2b-401c-bded-7a07a686d6d9, createTime=Sun May 30 20:15:41 CST 2021, level=0, operationUnit=unknown, method=com.github.hmld.controller.TestController.execPython, args=[], userId=#{currentUserId}, userName=#{currentUserName}, operationType=unknown, runTime=9, returnValue=null, describestr='#{currentUserName}'=》execPython()]
2021-05-30 20:15:46.391  INFO 33551 --- [http-nio-8082-exec-3] com.github.hmld.common.logger.LogAspect : 方法开始执行时间：1622376946391
2021-05-30 20:15:46.391  INFO 33551 --- [http-nio-8082-exec-3] com.github.hmld.common.logger.LogAspect : 方法的返回值 : null
2021-05-30 20:15:46.391  INFO 33551 --- [http-nio-8082-exec-3] com.github.hmld.common.logger.LogAspect : 方法最后执行.....
2021-05-30 20:15:46.391  INFO 33551 --- [http-nio-8082-exec-3] com.github.hmld.common.logger.LogAspect : 方法开始结束时间：1622376946391
2021-05-30 20:15:46.391  INFO 33551 --- [http-nio-8082-exec-3] com.github.hmld.common.logger.LogAspect : 用时：0 ms
2021-05-30 20:15:46.392  INFO 33551 --- [http-nio-8082-exec-3] com.github.hmld.common.logger.LogAspect : SysOperationLog [id=0078b1ee-f142-4338-b653-21c99ade140b, createTime=Sun May 30 20:15:46 CST 2021, level=0, operationUnit=unknown, method=com.github.hmld.controller.TestController.execPython, args=[], userId=#{currentUserId}, userName=#{currentUserName}, operationType=unknown, runTime=1, returnValue=null, describestr='#{currentUserName}'=》execPython()]
2021-05-30 20:16:18.337  INFO 33710 --- [restartedMain] com.github.hmld.Next_G_Application : Starting Next_G_Application using Java 11.0.2 on pop-os with PID 33710 (/home/hmld/eclipse-workspace/NextG/bin/main started by hmld in /home/hmld/eclipse-workspace/NextG)
2021-05-30 20:16:18.340  INFO 33710 --- [restartedMain] com.github.hmld.Next_G_Application : The following profiles are active: system,nextg,data
2021-05-30 20:16:18.394  INFO 33710 --- [restartedMain] org.springframework.boot.devtools.env.DevToolsPropertyDefaultsPostProcessor : Devtools property defaults active! Set 'spring.devtools.add-properties' to 'false' to disable
2021-05-30 20:16:18.395  INFO 33710 --- [restartedMain] org.springframework.boot.devtools.env.DevToolsPropertyDefaultsPostProcessor : For additional web related logging consider setting the 'logging.level.web' property to 'DEBUG'
2021-05-30 20:16:19.615  INFO 33710 --- [restartedMain] org.springframework.boot.web.embedded.tomcat.TomcatWebServer : Tomcat initialized with port(s): 8082 (http)
2021-05-30 20:16:19.628  INFO 33710 --- [restartedMain] org.apache.catalina.core.StandardService : Starting service [Tomcat]
2021-05-30 20:16:19.628  INFO 33710 --- [restartedMain] org.apache.catalina.core.StandardEngine : Starting Servlet engine: [Apache Tomcat/9.0.46]
2021-05-30 20:16:19.697  INFO 33710 --- [restartedMain] org.apache.catalina.core.ContainerBase.[Tomcat].[localhost].[/ng-api] : Initializing Spring embedded WebApplicationContext
2021-05-30 20:16:19.697  INFO 33710 --- [restartedMain] org.springframework.boot.web.servlet.context.ServletWebServerApplicationContext : Root WebApplicationContext: initialization completed in 1300 ms
2021-05-30 20:16:20.509  INFO 33710 --- [restartedMain] org.springframework.boot.devtools.autoconfigure.OptionalLiveReloadServer : LiveReload server is running on port 35729
2021-05-30 20:16:20.536  INFO 33710 --- [restartedMain] org.springframework.boot.web.embedded.tomcat.TomcatWebServer : Tomcat started on port(s): 8082 (http) with context path '/ng-api'
2021-05-30 20:16:20.549  INFO 33710 --- [restartedMain] com.github.hmld.Next_G_Application : Started Next_G_Application in 2.763 seconds (JVM running for 3.155)
2021-05-30 20:16:20.552  INFO 33710 --- [restartedMain] com.github.hmld.Next_G_Application : 
====================================================================
项目启动成功
总耗时：2773 ms
====================================================================

2021-05-30 20:16:22.470  INFO 33710 --- [http-nio-8082-exec-1] org.apache.catalina.core.ContainerBase.[Tomcat].[localhost].[/ng-api] : Initializing Spring DispatcherServlet 'dispatcherServlet'
2021-05-30 20:16:22.470  INFO 33710 --- [http-nio-8082-exec-1] org.springframework.web.servlet.DispatcherServlet : Initializing Servlet 'dispatcherServlet'
2021-05-30 20:16:22.471  INFO 33710 --- [http-nio-8082-exec-1] org.springframework.web.servlet.DispatcherServlet : Completed initialization in 0 ms
2021-05-30 20:16:22.494  INFO 33710 --- [http-nio-8082-exec-1] com.github.hmld.common.logger.LogAspect : 方法开始执行时间：1622376982494
2021-05-30 20:16:23.682  INFO 33710 --- [http-nio-8082-exec-1] com.github.hmld.common.logger.LogAspect : 方法的返回值 : null
2021-05-30 20:16:23.682  INFO 33710 --- [http-nio-8082-exec-1] com.github.hmld.common.logger.LogAspect : 方法最后执行.....
2021-05-30 20:16:23.683  INFO 33710 --- [http-nio-8082-exec-1] com.github.hmld.common.logger.LogAspect : 方法开始结束时间：1622376983682
2021-05-30 20:16:23.683  INFO 33710 --- [http-nio-8082-exec-1] com.github.hmld.common.logger.LogAspect : 用时：1188 ms
2021-05-30 20:16:23.702  INFO 33710 --- [http-nio-8082-exec-1] com.github.hmld.common.logger.LogAspect : SysOperationLog [id=cffea900-7ae2-4d87-957f-2b9c85c2e765, createTime=Sun May 30 20:16:23 CST 2021, level=0, operationUnit=unknown, method=com.github.hmld.controller.TestController.execPython, args=[], userId=#{currentUserId}, userName=#{currentUserName}, operationType=unknown, runTime=1189, returnValue=null, describestr='#{currentUserName}'=》execPython()]
